android/app/build/intermediates/manifest_merge_blame_file/debug/processDebugMainManifest/manifest-merger-blame-debug-report.txt
1<?xml version="1.0" encoding="utf-8"?>
2<manifest xmlns:android="http://schemas.android.com/apk/res/android"
3    package="com.example.relay"
4    android:versionCode="1"
5    android:versionName="1.0.0" >
6
7    <uses-sdk
7-->src/main/AndroidManifest.xml:2:3-71
8        android:minSdkVersion="26"
8-->src/main/AndroidManifest.xml:2:13-39
9        android:targetSdkVersion="34" />
9-->src/main/AndroidManifest.xml:2:40-69
10
11    <uses-feature
11-->src/main/AndroidManifest.xml:3:3-88
12        android:name="android.hardware.bluetooth_le"
12-->src/main/AndroidManifest.xml:3:17-61
13        android:required="false" />
13-->src/main/AndroidManifest.xml:3:62-86
14
15    <!-- Legacy (API <31) -->
16    <uses-permission android:name="android.permission.BLUETOOTH" />
16-->src/main/AndroidManifest.xml:6:3-65
16-->src/main/AndroidManifest.xml:6:20-63
17    <uses-permission android:name="android.permission.BLUETOOTH_ADMIN" />
17-->src/main/AndroidManifest.xml:7:3-71
17-->src/main/AndroidManifest.xml:7:20-69
18
19    <!-- API 31+ runtime -->
20    <uses-permission android:name="android.permission.BLUETOOTH_ADVERTISE" />
20-->src/main/AndroidManifest.xml:10:3-75
20-->src/main/AndroidManifest.xml:10:20-73
21    <uses-permission android:name="android.permission.BLUETOOTH_CONNECT" />
21-->src/main/AndroidManifest.xml:11:3-73
21-->src/main/AndroidManifest.xml:11:20-71
22    <uses-permission android:name="android.permission.FOREGROUND_SERVICE" />
22-->src/main/AndroidManifest.xml:13:3-74
22-->src/main/AndroidManifest.xml:13:20-72
23    <uses-permission android:name="android.permission.POST_NOTIFICATIONS" />
23-->src/main/AndroidManifest.xml:14:3-74
23-->src/main/AndroidManifest.xml:14:20-72
24
25    <permission
25-->[androidx.core:core:1.12.0] AndroidManifest.xml:22:5-24:47
26        android:name="com.example.relay.DYNAMIC_RECEIVER_NOT_EXPORTED_PERMISSION"
26-->[androidx.core:core:1.12.0] AndroidManifest.xml:23:9-81
27        android:protectionLevel="signature" />
27-->[androidx.core:core:1.12.0] AndroidManifest.xml:24:9-44
28
29    <uses-permission android:name="com.example.relay.DYNAMIC_RECEIVER_NOT_EXPORTED_PERMISSION" />
29-->[androidx.core:core:1.12.0] AndroidManifest.xml:26:5-97
29-->[androidx.core:core:1.12.0] AndroidManifest.xml:26:22-94
30
31    <application
31-->src/main/AndroidManifest.xml:16:3-27:17
32        android:allowBackup="false"
32-->src/main/AndroidManifest.xml:16:16-43
33        android:appComponentFactory="androidx.core.app.CoreComponentFactory"
33-->[androidx.core:core:1.12.0] AndroidManifest.xml:28:18-86
34        android:debuggable="true"
35        android:extractNativeLibs="false"
36        android:usesCleartextTraffic="false" >
36-->src/main/AndroidManifest.xml:16:44-80
37        <service
37-->src/main/AndroidManifest.xml:17:5-20:33
38            android:name="com.example.relay.RelayBleService"
38-->src/main/AndroidManifest.xml:18:7-38
39            android:exported="false"
39-->src/main/AndroidManifest.xml:20:7-31
40            android:foregroundServiceType="connectedDevice|dataSync" />
40-->src/main/AndroidManifest.xml:19:7-63
41
42        <activity
42-->src/main/AndroidManifest.xml:21:5-26:16
43            android:name="com.example.relay.MainActivity"
43-->src/main/AndroidManifest.xml:21:15-43
44            android:exported="true" >
44-->src/main/AndroidManifest.xml:21:44-67
45            <intent-filter>
45-->src/main/AndroidManifest.xml:22:7-25:23
46                <action android:name="android.intent.action.MAIN" />
46-->src/main/AndroidManifest.xml:23:9-60
46-->src/main/AndroidManifest.xml:23:17-58
47
48                <category android:name="android.intent.category.LAUNCHER" />
48-->src/main/AndroidManifest.xml:24:9-68
48-->src/main/AndroidManifest.xml:24:19-66
49            </intent-filter>
50        </activity>
51
52        <provider
52-->[androidx.profileinstaller:profileinstaller:1.3.0] AndroidManifest.xml:24:9-32:20
53            android:name="androidx.startup.InitializationProvider"
53-->[androidx.profileinstaller:profileinstaller:1.3.0] AndroidManifest.xml:25:13-67
54            android:authorities="com.example.relay.androidx-startup"
54-->[androidx.profileinstaller:profileinstaller:1.3.0] AndroidManifest.xml:26:13-68
55            android:exported="false" >
55-->[androidx.profileinstaller:profileinstaller:1.3.0] AndroidManifest.xml:27:13-37
56            <meta-data
56-->[androidx.profileinstaller:profileinstaller:1.3.0] AndroidManifest.xml:29:13-31:52
57                android:name="androidx.profileinstaller.ProfileInstallerInitializer"
57-->[androidx.profileinstaller:profileinstaller:1.3.0] AndroidManifest.xml:30:17-85
58                android:value="androidx.startup" />
58-->[androidx.profileinstaller:profileinstaller:1.3.0] AndroidManifest.xml:31:17-49
59        </provider>
60
61        <receiver
61-->[androidx.profileinstaller:profileinstaller:1.3.0] AndroidManifest.xml:34:9-52:20
62            android:name="androidx.profileinstaller.ProfileInstallReceiver"
62-->[androidx.profileinstaller:profileinstaller:1.3.0] AndroidManifest.xml:35:13-76
63            android:directBootAware="false"
63-->[androidx.profileinstaller:profileinstaller:1.3.0] AndroidManifest.xml:36:13-44
64            android:enabled="true"
64-->[androidx.profileinstaller:profileinstaller:1.3.0] AndroidManifest.xml:37:13-35
65            android:exported="true"
65-->[androidx.profileinstaller:profileinstaller:1.3.0] AndroidManifest.xml:38:13-36
66            android:permission="android.permission.DUMP" >
66-->[androidx.profileinstaller:profileinstaller:1.3.0] AndroidManifest.xml:39:13-57
67            <intent-filter>
67-->[androidx.profileinstaller:profileinstaller:1.3.0] AndroidManifest.xml:40:13-42:29
68                <action android:name="androidx.profileinstaller.action.INSTALL_PROFILE" />
68-->[androidx.profileinstaller:profileinstaller:1.3.0] AndroidManifest.xml:41:17-91
68-->[androidx.profileinstaller:profileinstaller:1.3.0] AndroidManifest.xml:41:25-88
69            </intent-filter>
70            <intent-filter>
70-->[androidx.profileinstaller:profileinstaller:1.3.0] AndroidManifest.xml:43:13-45:29
71                <action android:name="androidx.profileinstaller.action.SKIP_FILE" />
71-->[androidx.profileinstaller:profileinstaller:1.3.0] AndroidManifest.xml:44:17-85
71-->[androidx.profileinstaller:profileinstaller:1.3.0] AndroidManifest.xml:44:25-82
72            </intent-filter>
73            <intent-filter>
73-->[androidx.profileinstaller:profileinstaller:1.3.0] AndroidManifest.xml:46:13-48:29
74                <action android:name="androidx.profileinstaller.action.SAVE_PROFILE" />
74-->[androidx.profileinstaller:profileinstaller:1.3.0] AndroidManifest.xml:47:17-88
74-->[androidx.profileinstaller:profileinstaller:1.3.0] AndroidManifest.xml:47:25-85
75            </intent-filter>
76            <intent-filter>
76-->[androidx.profileinstaller:profileinstaller:1.3.0] AndroidManifest.xml:49:13-51:29
77                <action android:name="androidx.profileinstaller.action.BENCHMARK_OPERATION" />
77-->[androidx.profileinstaller:profileinstaller:1.3.0] AndroidManifest.xml:50:17-95
77-->[androidx.profileinstaller:profileinstaller:1.3.0] AndroidManifest.xml:50:25-92
78            </intent-filter>
79        </receiver>
80    </application>
81
82</manifest>